00:02:46.601 [JavaFX Application Thread] DEBUG GameApplication      - Logger initialized
00:02:46.626 [JavaFX Application Thread] DEBUG MainWindow           - Creating a JavaFX scene
00:02:46.751 [JavaFX Application Thread] DEBUG MainWindow           - Target settings size: 800.0 x 600.0
00:02:46.751 [JavaFX Application Thread] DEBUG MainWindow           - Scaled scene size:    800.0 x 600.0
00:02:46.751 [JavaFX Application Thread] DEBUG MainWindow           - Scaled ratio: (1.0, 1.0)
00:02:46.869 [JavaFX Application Thread] DEBUG GameApplication      - Starting FXGL
00:02:46.911 [FXGL Launcher Thread     ] INFO  Version              - FXGL-0.4.2
00:02:46.912 [FXGL Launcher Thread     ] INFO  Version              - Source code and latest versions at: https://github.com/AlmasB/FXGL
00:02:46.912 [FXGL Launcher Thread     ] INFO  Version              -              Join the FXGL chat at: https://gitter.im/AlmasB/FXGL
00:02:46.913 [FXGL Launcher Thread     ] DEBUG FXGL                 - Loading FXGL system data
00:02:46.919 [FXGL Launcher Thread     ] DEBUG IOTask               - Executing task: readDataTask(system/fxgl.bundle)
00:02:46.926 [FXGL Launcher Thread     ] DEBUG FS                   - Reading from: system\fxgl.bundle
00:02:46.937 [FXGL Launcher Thread     ] DEBUG IOTask               - Task succeeded: readDataTask(system/fxgl.bundle)
00:02:46.937 [FXGL Launcher Thread     ] DEBUG Bundle               - Logging bundle: FXGL
00:02:46.938 [FXGL Launcher Thread     ] DEBUG Bundle               - FXGL.offline.timer.version.check=2018-02-20T23:10:07.247318200
00:02:46.976 [FXGL Launcher Thread     ] DEBUG GameApplication      - FXGL started
00:02:46.976 [FXGL Launcher Thread     ] DEBUG GameApplication      - Logging game settings
Title: Shooter app
Version: 0.1
Width: 800
Height: 600
Fullscreen: false
Intro: false
Menus: false
Profiling: false
Single step:false
App Mode: DEVELOPER
Menu Key: ESCAPE
Stage Style: DECORATED
Scene Factory: class com.almasb.fxgl.scene.SceneFactory
Dialog Factory: class com.almasb.fxgl.ui.FXGLDialogFactory
UI Factory: class com.almasb.fxgl.ui.FXGLUIFactory
Notification Service: class com.almasb.fxgl.gameplay.notification.XboxNotificationView
Exception Handler: class com.almasb.fxgl.app.FXGLExceptionHandler
00:02:46.978 [FXGL Launcher Thread     ] DEBUG GameApplication      - Configuring GameApplication
00:02:46.978 [FXGL Launcher Thread     ] DEBUG GameApplication      - Initializing state machine and application states
00:02:46.989 [FXGL Launcher Thread     ] DEBUG AssetLoader          - Loading from disk: /assets/ui/cursors/fxgl_default.png
00:02:47.004 [FXGL Launcher Thread     ] DEBUG AssetLoader          - Loading from disk: /assets/ui/cursors/fxgl_default.png
00:02:47.006 [FXGL Launcher Thread     ] DEBUG AssetLoader          - Loading from disk: /assets/ui/cursors/fxgl_default.png
00:02:47.046 [FXGL Launcher Thread     ] DEBUG AssetLoader          - Loading from disk: /assets/sounds/core/notification.wav
00:02:47.065 [FXGL Launcher Thread     ] DEBUG AssetLoader          - Loading from disk: /assets/sounds/menu/select.wav
00:02:47.069 [FXGL Launcher Thread     ] DEBUG AssetLoader          - Loading from disk: /assets/sounds/menu/back.wav
00:02:47.071 [FXGL Launcher Thread     ] DEBUG AssetLoader          - Loading from disk: /assets/sounds/menu/press.wav
00:02:47.073 [FXGL Launcher Thread     ] DEBUG AssetLoader          - Loading from disk: /assets/ui/fonts/VarelaRound-Regular.ttf
00:02:47.224 [FXGL Launcher Thread     ] DEBUG AssetLoader          - Loading from disk: /assets/ui/fonts/lucida_console.ttf
00:02:47.230 [FXGL Launcher Thread     ] DEBUG AssetLoader          - Loading from disk: /assets/ui/css/fxgl_dark.css
00:02:47.235 [FXGL Launcher Thread     ] DEBUG AssetLoader          - Loading from disk: /assets/ui/icons/fxgl_icon.png
00:02:47.256 [FXGL Launcher Thread     ] DEBUG AssetLoader          - Loading from disk: /assets/ui/cursors/fxgl_default.png
00:02:47.274 [FXGL Launcher Thread     ] DEBUG FXGL.GameScene       - Game scene initialized: 800x600
00:02:47.277 [FXGL Launcher Thread     ] DEBUG FXGL.GameWorld       - Game world initialized
00:02:47.321 [FXGL Launcher Thread     ] DEBUG FXGL.PhysicsWorld    - Physics world initialized: appHeight=600, physics.ppm=50,0
00:02:47.353 [FXGL Launcher Thread     ] DEBUG Input                - Registered new binding: Pause - Esc
00:02:47.376 [FXGL Launcher Thread     ] INFO  GameApplication      - Game configuration took:  0,399 sec
00:02:47.378 [JavaFX Application Thread] DEBUG MainWindow           - Opening main window
00:02:47.398 [JavaFX Application Thread] DEBUG MainWindow           - Window border size: (14.4000244140625, 37.5999755859375)
00:02:47.398 [JavaFX Application Thread] DEBUG MainWindow           - Scaled size: 800.0 x 600.0
00:02:47.398 [JavaFX Application Thread] DEBUG MainWindow           - Scaled ratio: (1.0, 1.0)
00:02:47.398 [JavaFX Application Thread] DEBUG MainWindow           - Scene size: 800.0 x 600.0
00:02:47.398 [JavaFX Application Thread] DEBUG MainWindow           - Stage size: 814.4000244140625 x 637.5999755859375
00:02:47.399 [JavaFX Application Thread] DEBUG GameApplication      - Running preInit()
00:02:47.401 [JavaFX Application Thread] DEBUG AnnotationParser     - Main app package name: com.mhd.mygame
00:02:47.513 [JavaFX Application Thread] DEBUG AnnotationParser     - @SetAchievementStore: []
00:02:47.515 [JavaFX Application Thread] DEBUG Input                - Registered new binding: Screenshot - P
00:02:47.515 [JavaFX Application Thread] DEBUG Input                - Registered new binding: Dev Options - CTRL+0
00:02:47.517 [JavaFX Application Thread] DEBUG Input                - Registered new binding: Restart - CTRL+R
00:02:47.518 [JavaFX Application Thread] DEBUG Input                - Registered new binding: Shoot - LMB
00:02:47.555 [JavaFX Application Thread] DEBUG GameApplication      - Starting main loop
00:02:47.557 [JavaFX Application Thread] DEBUG StartupState         - STARTUP
00:02:47.557 [JavaFX Application Thread] DEBUG GameApplication      - Starting new game
00:02:47.557 [JavaFX Application Thread] DEBUG Input                - Clearing active input actions
00:02:47.580 [JavaFX Application Thread] DEBUG AppStateMachine      - StartupState -> LoadingState
00:02:47.581 [JavaFX Application Thread] DEBUG AnnotationParser     - Main app package name: com.mhd.mygame
00:02:47.581 [JavaFX Application Thread] DEBUG InitAppTask          - Parsing annotations
00:02:47.622 [JavaFX Application Thread] DEBUG AnnotationParser     - @AddCollisionHandler: []
00:02:47.622 [JavaFX Application Thread] DEBUG AnnotationParser     - @SetEntityFactory: [ShooterFactory]
00:02:47.622 [JavaFX Application Thread] DEBUG AnnotationParser     - @SetEventHandler: []
00:02:47.630 [FXGL Background Thread 1 ] DEBUG InitAppTask          - Clearing previous game
00:02:47.630 [FXGL Background Thread 1 ] DEBUG FXGL.GameWorld       - Clearing game world
00:02:47.630 [FXGL Background Thread 1 ] DEBUG FXGL.PhysicsWorld    - Clearing physics world
00:02:47.631 [FXGL Background Thread 1 ] DEBUG FXGL.GameScene       - Clearing game scene
00:02:47.631 [FXGL Background Thread 1 ] DEBUG InitAppTask          - Initializing Assets
00:02:47.634 [FXGL Background Thread 1 ] DEBUG InitAppTask          - Initializing Game
00:02:47.659 [FXGL Background Thread 1 ] DEBUG InitAppTask          - Initializing Physics
00:02:47.659 [FXGL Background Thread 1 ] DEBUG InitAppTask          - Initializing UI
00:02:47.659 [FXGL Background Thread 1 ] DEBUG InitAppTask          - Initialization Complete
00:02:47.660 [FXGL Background Thread 1 ] INFO  InitAppTask          - Game initialization took: 0,029 sec
00:02:47.686 [JavaFX Application Thread] DEBUG Input                - Clearing active input actions
00:02:47.692 [JavaFX Application Thread] DEBUG AppStateMachine      - LoadingState -> PlayState
00:02:48.729 [JavaFX Application Thread] DEBUG FXGL.GameScene       - Creating render group for layer: TOP(2147483647)
00:03:08.066 [JavaFX Application Thread] DEBUG GameApplication      - Exiting game application
00:03:08.067 [JavaFX Application Thread] DEBUG GameApplication      - Shutting down background threads
00:03:08.068 [JavaFX Application Thread] DEBUG GameApplication      - Exiting FXGL
00:03:08.068 [JavaFX Application Thread] DEBUG FXGL                 - Saving FXGL system data
00:03:08.069 [JavaFX Application Thread] DEBUG IOTask               - Executing task: writeDataTask(system/fxgl.bundle)
00:03:08.071 [JavaFX Application Thread] DEBUG FS                   - Writing to: system\fxgl.bundle
00:03:08.075 [JavaFX Application Thread] DEBUG IOTask               - Task succeeded: writeDataTask(system/fxgl.bundle)
00:03:08.075 [JavaFX Application Thread] DEBUG GameApplication      - Closing logger and exiting JavaFX
