23:52:39.431 [JavaFX Application Thread] DEBUG GameApplication      - Logger initialized
23:52:39.451 [JavaFX Application Thread] DEBUG MainWindow           - Creating a JavaFX scene
23:52:39.577 [JavaFX Application Thread] DEBUG MainWindow           - Target settings size: 800.0 x 600.0
23:52:39.577 [JavaFX Application Thread] DEBUG MainWindow           - Scaled scene size:    800.0 x 600.0
23:52:39.577 [JavaFX Application Thread] DEBUG MainWindow           - Scaled ratio: (1.0, 1.0)
23:52:39.739 [JavaFX Application Thread] DEBUG GameApplication      - Starting FXGL
23:52:39.781 [FXGL Launcher Thread     ] INFO  Version              - FXGL-0.4.2
23:52:39.781 [FXGL Launcher Thread     ] INFO  Version              - Source code and latest versions at: https://github.com/AlmasB/FXGL
23:52:39.781 [FXGL Launcher Thread     ] INFO  Version              -              Join the FXGL chat at: https://gitter.im/AlmasB/FXGL
23:52:39.783 [FXGL Launcher Thread     ] DEBUG FXGL                 - Loading FXGL system data
23:52:39.790 [FXGL Launcher Thread     ] DEBUG IOTask               - Executing task: readDataTask(system/fxgl.bundle)
23:52:39.797 [FXGL Launcher Thread     ] DEBUG FS                   - Reading from: system\fxgl.bundle
23:52:39.810 [FXGL Launcher Thread     ] DEBUG IOTask               - Task succeeded: readDataTask(system/fxgl.bundle)
23:52:39.810 [FXGL Launcher Thread     ] DEBUG Bundle               - Logging bundle: FXGL
23:52:39.811 [FXGL Launcher Thread     ] DEBUG Bundle               - FXGL.offline.timer.version.check=2018-02-20T23:10:07.247318200
23:52:39.825 [FXGL Launcher Thread     ] DEBUG GameApplication      - FXGL started
23:52:39.826 [FXGL Launcher Thread     ] DEBUG GameApplication      - Logging game settings
Title: Shooter app
Version: 0.1
Width: 800
Height: 600
Fullscreen: false
Intro: false
Menus: false
Profiling: false
Single step:false
App Mode: DEVELOPER
Menu Key: ESCAPE
Stage Style: DECORATED
Scene Factory: class com.almasb.fxgl.scene.SceneFactory
Dialog Factory: class com.almasb.fxgl.ui.FXGLDialogFactory
UI Factory: class com.almasb.fxgl.ui.FXGLUIFactory
Notification Service: class com.almasb.fxgl.gameplay.notification.XboxNotificationView
Exception Handler: class com.almasb.fxgl.app.FXGLExceptionHandler
23:52:39.826 [FXGL Launcher Thread     ] DEBUG GameApplication      - Configuring GameApplication
23:52:39.827 [FXGL Launcher Thread     ] DEBUG GameApplication      - Initializing state machine and application states
23:52:39.834 [FXGL Launcher Thread     ] DEBUG AssetLoader          - Loading from disk: /assets/ui/cursors/fxgl_default.png
23:52:39.851 [FXGL Launcher Thread     ] DEBUG AssetLoader          - Loading from disk: /assets/ui/cursors/fxgl_default.png
23:52:39.853 [FXGL Launcher Thread     ] DEBUG AssetLoader          - Loading from disk: /assets/ui/cursors/fxgl_default.png
23:52:39.865 [FXGL Launcher Thread     ] DEBUG AssetLoader          - Loading from disk: /assets/sounds/core/notification.wav
23:52:39.893 [FXGL Launcher Thread     ] DEBUG AssetLoader          - Loading from disk: /assets/sounds/menu/select.wav
23:52:39.895 [FXGL Launcher Thread     ] DEBUG AssetLoader          - Loading from disk: /assets/sounds/menu/back.wav
23:52:39.902 [FXGL Launcher Thread     ] DEBUG AssetLoader          - Loading from disk: /assets/sounds/menu/press.wav
23:52:39.905 [FXGL Launcher Thread     ] DEBUG AssetLoader          - Loading from disk: /assets/ui/fonts/VarelaRound-Regular.ttf
23:52:40.161 [FXGL Launcher Thread     ] DEBUG AssetLoader          - Loading from disk: /assets/ui/fonts/lucida_console.ttf
23:52:40.172 [FXGL Launcher Thread     ] DEBUG AssetLoader          - Loading from disk: /assets/ui/css/fxgl_dark.css
23:52:40.173 [FXGL Launcher Thread     ] DEBUG AssetLoader          - Loading from disk: /assets/ui/icons/fxgl_icon.png
23:52:40.193 [FXGL Launcher Thread     ] DEBUG AssetLoader          - Loading from disk: /assets/ui/cursors/fxgl_default.png
23:52:40.211 [FXGL Launcher Thread     ] DEBUG FXGL.GameScene       - Game scene initialized: 800x600
23:52:40.214 [FXGL Launcher Thread     ] DEBUG FXGL.GameWorld       - Game world initialized
23:52:40.281 [FXGL Launcher Thread     ] DEBUG FXGL.PhysicsWorld    - Physics world initialized: appHeight=600, physics.ppm=50,0
23:52:40.306 [FXGL Launcher Thread     ] DEBUG Input                - Registered new binding: Pause - Esc
23:52:40.323 [FXGL Launcher Thread     ] INFO  GameApplication      - Game configuration took:  0,496 sec
23:52:40.338 [JavaFX Application Thread] DEBUG MainWindow           - Opening main window
23:52:40.370 [JavaFX Application Thread] DEBUG MainWindow           - Window border size: (14.4000244140625, 37.5999755859375)
23:52:40.370 [JavaFX Application Thread] DEBUG MainWindow           - Scaled size: 800.0 x 600.0
23:52:40.371 [JavaFX Application Thread] DEBUG MainWindow           - Scaled ratio: (1.0, 1.0)
23:52:40.371 [JavaFX Application Thread] DEBUG MainWindow           - Scene size: 800.0 x 600.0
23:52:40.372 [JavaFX Application Thread] DEBUG MainWindow           - Stage size: 814.4000244140625 x 637.5999755859375
23:52:40.372 [JavaFX Application Thread] DEBUG GameApplication      - Running preInit()
23:52:40.374 [JavaFX Application Thread] DEBUG AnnotationParser     - Main app package name: com.mhd.mygame
23:52:40.462 [JavaFX Application Thread] DEBUG AnnotationParser     - @SetAchievementStore: []
23:52:40.464 [JavaFX Application Thread] DEBUG Input                - Registered new binding: Screenshot - P
23:52:40.464 [JavaFX Application Thread] DEBUG Input                - Registered new binding: Dev Options - CTRL+0
23:52:40.464 [JavaFX Application Thread] DEBUG Input                - Registered new binding: Restart - CTRL+R
23:52:40.465 [JavaFX Application Thread] DEBUG Input                - Registered new binding: Shoot - LMB
23:52:40.503 [JavaFX Application Thread] DEBUG GameApplication      - Starting main loop
23:52:40.507 [JavaFX Application Thread] DEBUG StartupState         - STARTUP
23:52:40.507 [JavaFX Application Thread] DEBUG GameApplication      - Starting new game
23:52:40.507 [JavaFX Application Thread] DEBUG Input                - Clearing active input actions
23:52:40.531 [JavaFX Application Thread] DEBUG AppStateMachine      - StartupState -> LoadingState
23:52:40.532 [JavaFX Application Thread] DEBUG AnnotationParser     - Main app package name: com.mhd.mygame
23:52:40.533 [JavaFX Application Thread] DEBUG InitAppTask          - Parsing annotations
23:52:40.549 [JavaFX Application Thread] DEBUG AnnotationParser     - @SetEntityFactory: [ShooterFactory]
23:52:40.549 [JavaFX Application Thread] DEBUG AnnotationParser     - @SetEventHandler: []
23:52:40.549 [JavaFX Application Thread] DEBUG AnnotationParser     - @AddCollisionHandler: []
23:52:40.586 [FXGL Background Thread 1 ] DEBUG InitAppTask          - Clearing previous game
23:52:40.586 [FXGL Background Thread 1 ] DEBUG FXGL.GameWorld       - Clearing game world
23:52:40.588 [FXGL Background Thread 1 ] DEBUG FXGL.PhysicsWorld    - Clearing physics world
23:52:40.588 [FXGL Background Thread 1 ] DEBUG FXGL.GameScene       - Clearing game scene
23:52:40.589 [FXGL Background Thread 1 ] DEBUG InitAppTask          - Initializing Assets
23:52:40.589 [FXGL Background Thread 1 ] DEBUG InitAppTask          - Initializing Game
23:52:40.611 [FXGL Background Thread 1 ] DEBUG InitAppTask          - Initializing Physics
23:52:40.611 [FXGL Background Thread 1 ] DEBUG InitAppTask          - Initializing UI
23:52:40.611 [FXGL Background Thread 1 ] DEBUG InitAppTask          - Initialization Complete
23:52:40.612 [FXGL Background Thread 1 ] INFO  InitAppTask          - Game initialization took: 0,024 sec
23:52:40.638 [JavaFX Application Thread] DEBUG Input                - Clearing active input actions
23:52:40.645 [JavaFX Application Thread] DEBUG AppStateMachine      - LoadingState -> PlayState
23:52:41.357 [JavaFX Application Thread] DEBUG FXGL.GameScene       - Creating render group for layer: TOP(2147483647)
23:52:44.627 [JavaFX Application Thread] DEBUG GameApplication      - Exiting game application
23:52:44.628 [JavaFX Application Thread] DEBUG GameApplication      - Shutting down background threads
23:52:44.629 [JavaFX Application Thread] DEBUG GameApplication      - Exiting FXGL
23:52:44.629 [JavaFX Application Thread] DEBUG FXGL                 - Saving FXGL system data
23:52:44.630 [JavaFX Application Thread] DEBUG IOTask               - Executing task: writeDataTask(system/fxgl.bundle)
23:52:44.632 [JavaFX Application Thread] DEBUG FS                   - Writing to: system\fxgl.bundle
23:52:44.641 [JavaFX Application Thread] DEBUG IOTask               - Task succeeded: writeDataTask(system/fxgl.bundle)
23:52:44.641 [JavaFX Application Thread] DEBUG GameApplication      - Closing logger and exiting JavaFX
