00:02:08.029 [JavaFX Application Thread] DEBUG GameApplication      - Logger initialized
00:02:08.063 [JavaFX Application Thread] DEBUG MainWindow           - Creating a JavaFX scene
00:02:08.179 [JavaFX Application Thread] DEBUG MainWindow           - Target settings size: 800.0 x 600.0
00:02:08.179 [JavaFX Application Thread] DEBUG MainWindow           - Scaled scene size:    800.0 x 600.0
00:02:08.181 [JavaFX Application Thread] DEBUG MainWindow           - Scaled ratio: (1.0, 1.0)
00:02:08.305 [JavaFX Application Thread] DEBUG GameApplication      - Starting FXGL
00:02:08.357 [FXGL Launcher Thread     ] INFO  Version              - FXGL-0.4.2
00:02:08.358 [FXGL Launcher Thread     ] INFO  Version              - Source code and latest versions at: https://github.com/AlmasB/FXGL
00:02:08.358 [FXGL Launcher Thread     ] INFO  Version              -              Join the FXGL chat at: https://gitter.im/AlmasB/FXGL
00:02:08.360 [FXGL Launcher Thread     ] DEBUG FXGL                 - Loading FXGL system data
00:02:08.367 [FXGL Launcher Thread     ] DEBUG IOTask               - Executing task: readDataTask(system/fxgl.bundle)
00:02:08.374 [FXGL Launcher Thread     ] DEBUG FS                   - Reading from: system\fxgl.bundle
00:02:08.384 [FXGL Launcher Thread     ] DEBUG IOTask               - Task succeeded: readDataTask(system/fxgl.bundle)
00:02:08.385 [FXGL Launcher Thread     ] DEBUG Bundle               - Logging bundle: FXGL
00:02:08.385 [FXGL Launcher Thread     ] DEBUG Bundle               - FXGL.offline.timer.version.check=2018-02-20T23:10:07.247318200
00:02:08.391 [FXGL Launcher Thread     ] DEBUG GameApplication      - FXGL started
00:02:08.392 [FXGL Launcher Thread     ] DEBUG GameApplication      - Logging game settings
Title: Shooter app
Version: 0.1
Width: 800
Height: 600
Fullscreen: false
Intro: false
Menus: false
Profiling: false
Single step:false
App Mode: DEVELOPER
Menu Key: ESCAPE
Stage Style: DECORATED
Scene Factory: class com.almasb.fxgl.scene.SceneFactory
Dialog Factory: class com.almasb.fxgl.ui.FXGLDialogFactory
UI Factory: class com.almasb.fxgl.ui.FXGLUIFactory
Notification Service: class com.almasb.fxgl.gameplay.notification.XboxNotificationView
Exception Handler: class com.almasb.fxgl.app.FXGLExceptionHandler
00:02:08.394 [FXGL Launcher Thread     ] DEBUG GameApplication      - Configuring GameApplication
00:02:08.394 [FXGL Launcher Thread     ] DEBUG GameApplication      - Initializing state machine and application states
00:02:08.403 [FXGL Launcher Thread     ] DEBUG AssetLoader          - Loading from disk: /assets/ui/cursors/fxgl_default.png
00:02:08.418 [FXGL Launcher Thread     ] DEBUG AssetLoader          - Loading from disk: /assets/ui/cursors/fxgl_default.png
00:02:08.420 [FXGL Launcher Thread     ] DEBUG AssetLoader          - Loading from disk: /assets/ui/cursors/fxgl_default.png
00:02:08.431 [FXGL Launcher Thread     ] DEBUG AssetLoader          - Loading from disk: /assets/sounds/core/notification.wav
00:02:08.478 [FXGL Launcher Thread     ] DEBUG AssetLoader          - Loading from disk: /assets/sounds/menu/select.wav
00:02:08.480 [FXGL Launcher Thread     ] DEBUG AssetLoader          - Loading from disk: /assets/sounds/menu/back.wav
00:02:08.482 [FXGL Launcher Thread     ] DEBUG AssetLoader          - Loading from disk: /assets/sounds/menu/press.wav
00:02:08.484 [FXGL Launcher Thread     ] DEBUG AssetLoader          - Loading from disk: /assets/ui/fonts/VarelaRound-Regular.ttf
00:02:08.662 [FXGL Launcher Thread     ] DEBUG AssetLoader          - Loading from disk: /assets/ui/fonts/lucida_console.ttf
00:02:08.667 [FXGL Launcher Thread     ] DEBUG AssetLoader          - Loading from disk: /assets/ui/css/fxgl_dark.css
00:02:08.668 [FXGL Launcher Thread     ] DEBUG AssetLoader          - Loading from disk: /assets/ui/icons/fxgl_icon.png
00:02:08.687 [FXGL Launcher Thread     ] DEBUG AssetLoader          - Loading from disk: /assets/ui/cursors/fxgl_default.png
00:02:08.702 [FXGL Launcher Thread     ] DEBUG FXGL.GameScene       - Game scene initialized: 800x600
00:02:08.705 [FXGL Launcher Thread     ] DEBUG FXGL.GameWorld       - Game world initialized
00:02:08.765 [FXGL Launcher Thread     ] DEBUG FXGL.PhysicsWorld    - Physics world initialized: appHeight=600, physics.ppm=50,0
00:02:08.783 [FXGL Launcher Thread     ] DEBUG Input                - Registered new binding: Pause - Esc
00:02:08.797 [FXGL Launcher Thread     ] INFO  GameApplication      - Game configuration took:  0,404 sec
00:02:08.809 [JavaFX Application Thread] DEBUG MainWindow           - Opening main window
00:02:08.844 [JavaFX Application Thread] DEBUG MainWindow           - Window border size: (14.4000244140625, 37.5999755859375)
00:02:08.844 [JavaFX Application Thread] DEBUG MainWindow           - Scaled size: 800.0 x 600.0
00:02:08.844 [JavaFX Application Thread] DEBUG MainWindow           - Scaled ratio: (1.0, 1.0)
00:02:08.844 [JavaFX Application Thread] DEBUG MainWindow           - Scene size: 800.0 x 600.0
00:02:08.845 [JavaFX Application Thread] DEBUG MainWindow           - Stage size: 814.4000244140625 x 637.5999755859375
00:02:08.845 [JavaFX Application Thread] DEBUG GameApplication      - Running preInit()
00:02:08.846 [JavaFX Application Thread] DEBUG AnnotationParser     - Main app package name: com.mhd.mygame
00:02:08.989 [JavaFX Application Thread] DEBUG AnnotationParser     - @SetAchievementStore: []
00:02:08.990 [JavaFX Application Thread] DEBUG Input                - Registered new binding: Screenshot - P
00:02:08.992 [JavaFX Application Thread] DEBUG Input                - Registered new binding: Dev Options - CTRL+0
00:02:08.992 [JavaFX Application Thread] DEBUG Input                - Registered new binding: Restart - CTRL+R
00:02:08.993 [JavaFX Application Thread] DEBUG Input                - Registered new binding: Shoot - LMB
00:02:09.034 [JavaFX Application Thread] DEBUG GameApplication      - Starting main loop
00:02:09.035 [JavaFX Application Thread] DEBUG StartupState         - STARTUP
00:02:09.036 [JavaFX Application Thread] DEBUG GameApplication      - Starting new game
00:02:09.036 [JavaFX Application Thread] DEBUG Input                - Clearing active input actions
00:02:09.062 [JavaFX Application Thread] DEBUG AppStateMachine      - StartupState -> LoadingState
00:02:09.063 [JavaFX Application Thread] DEBUG AnnotationParser     - Main app package name: com.mhd.mygame
00:02:09.063 [JavaFX Application Thread] DEBUG InitAppTask          - Parsing annotations
00:02:09.199 [JavaFX Application Thread] DEBUG AnnotationParser     - @SetEntityFactory: [ShooterFactory]
00:02:09.200 [JavaFX Application Thread] DEBUG AnnotationParser     - @AddCollisionHandler: []
00:02:09.200 [JavaFX Application Thread] DEBUG AnnotationParser     - @SetEventHandler: []
00:02:09.267 [FXGL Background Thread 1 ] DEBUG InitAppTask          - Clearing previous game
00:02:09.267 [FXGL Background Thread 1 ] DEBUG FXGL.GameWorld       - Clearing game world
00:02:09.267 [FXGL Background Thread 1 ] DEBUG FXGL.PhysicsWorld    - Clearing physics world
00:02:09.267 [FXGL Background Thread 1 ] DEBUG FXGL.GameScene       - Clearing game scene
00:02:09.268 [FXGL Background Thread 1 ] DEBUG InitAppTask          - Initializing Assets
00:02:09.269 [FXGL Background Thread 1 ] DEBUG InitAppTask          - Initializing Game
00:02:09.294 [FXGL Background Thread 1 ] DEBUG InitAppTask          - Initializing Physics
00:02:09.295 [FXGL Background Thread 1 ] DEBUG InitAppTask          - Initializing UI
00:02:09.295 [FXGL Background Thread 1 ] DEBUG InitAppTask          - Initialization Complete
00:02:09.296 [FXGL Background Thread 1 ] INFO  InitAppTask          - Game initialization took: 0,029 sec
00:02:09.308 [JavaFX Application Thread] DEBUG Input                - Clearing active input actions
00:02:09.314 [JavaFX Application Thread] DEBUG AppStateMachine      - LoadingState -> PlayState
00:02:10.362 [JavaFX Application Thread] DEBUG FXGL.GameScene       - Creating render group for layer: TOP(2147483647)
00:02:32.922 [JavaFX Application Thread] DEBUG GameApplication      - Exiting game application
00:02:32.923 [JavaFX Application Thread] DEBUG GameApplication      - Shutting down background threads
00:02:32.924 [JavaFX Application Thread] DEBUG GameApplication      - Exiting FXGL
00:02:32.924 [JavaFX Application Thread] DEBUG FXGL                 - Saving FXGL system data
00:02:32.925 [JavaFX Application Thread] DEBUG IOTask               - Executing task: writeDataTask(system/fxgl.bundle)
00:02:32.928 [JavaFX Application Thread] DEBUG FS                   - Writing to: system\fxgl.bundle
00:02:32.932 [JavaFX Application Thread] DEBUG IOTask               - Task succeeded: writeDataTask(system/fxgl.bundle)
00:02:32.932 [JavaFX Application Thread] DEBUG GameApplication      - Closing logger and exiting JavaFX
